<?xml version="1.0" encoding="UTF-8"?>
<!-- Generated by org.testng.reporters.JUnitXMLReporter -->
<testsuite hostname="ATMECSINDT-060" name="Command line test" tests="1" failures="1" timestamp="17 Feb 2015 10:14:24 GMT" time="2.061" errors="0">
  <testcase name="testCurrencyRate" time="1.373" classname="com.atmecs.services.test.TestCurrencyWS">
    <failure type="java.lang.AssertionError" message="expected [62.215] but found [62.2299]">
      <![CDATA[java.lang.AssertionError: expected [62.215] but found [62.2299]
	at com.atmecs.services.test.TestCurrencyWS.testCurrencyRate(TestCurrencyWS.java:40)
... Removed 37 stack frames]]>
    </failure>
  </testcase> <!-- testCurrencyRate -->
</testsuite> <!-- Command line test -->
