<?xml version="1.0" encoding="UTF-8"?>
<testng-results skipped="0" failed="1" total="1" passed="0">
  <reporter-output>
  </reporter-output>
  <suite name="Default suite" duration-ms="1451" started-at="2015-02-16T09:56:11Z" finished-at="2015-02-16T09:56:13Z">
    <groups>
    </groups>
    <test name="Default test" duration-ms="1451" started-at="2015-02-16T09:56:11Z" finished-at="2015-02-16T09:56:13Z">
      <class name="com.atmecs.services.test.TestCurrencyWS">
        <test-method status="PASS" signature="setUp()[pri:0, instance:com.atmecs.services.test.TestCurrencyWS@6ad5c04e]" name="setUp" is-config="true" duration-ms="546" started-at="2015-02-16T15:26:11Z" finished-at="2015-02-16T15:26:12Z">
          <reporter-output>
          </reporter-output>
        </test-method> <!-- setUp -->
        <test-method status="FAIL" signature="testCurrencyRate()[pri:0, instance:com.atmecs.services.test.TestCurrencyWS@6ad5c04e]" name="testCurrencyRate" duration-ms="874" started-at="2015-02-16T15:26:12Z" finished-at="2015-02-16T15:26:13Z">
          <exception class="java.lang.AssertionError">
            <message>
              <![CDATA[expected [61] but found [62.215]]]>
            </message>
            <full-stacktrace>
              <![CDATA[java.lang.AssertionError: expected [61] but found [62.215]
	at org.testng.Assert.fail(Assert.java:94)
	at org.testng.Assert.failNotEquals(Assert.java:494)
	at org.testng.Assert.assertEquals(Assert.java:123)
	at org.testng.Assert.assertEquals(Assert.java:165)
	at com.atmecs.services.test.TestCurrencyWS.testCurrencyRate(TestCurrencyWS.java:40)
	at sun.reflect.NativeMethodAccessorImpl.invoke0(Native Method)
	at sun.reflect.NativeMethodAccessorImpl.invoke(NativeMethodAccessorImpl.java:62)
	at sun.reflect.DelegatingMethodAccessorImpl.invoke(DelegatingMethodAccessorImpl.java:43)
	at java.lang.reflect.Method.invoke(Method.java:483)
	at org.testng.internal.MethodInvocationHelper.invokeMethod(MethodInvocationHelper.java:84)
	at org.testng.internal.Invoker.invokeMethod(Invoker.java:714)
	at org.testng.internal.Invoker.invokeTestMethod(Invoker.java:901)
	at org.testng.internal.Invoker.invokeTestMethods(Invoker.java:1231)
	at org.testng.internal.TestMethodWorker.invokeTestMethods(TestMethodWorker.java:127)
	at org.testng.internal.TestMethodWorker.run(TestMethodWorker.java:111)
	at org.testng.TestRunner.privateRun(TestRunner.java:767)
	at org.testng.TestRunner.run(TestRunner.java:617)
	at org.testng.SuiteRunner.runTest(SuiteRunner.java:334)
	at org.testng.SuiteRunner.runSequentially(SuiteRunner.java:329)
	at org.testng.SuiteRunner.privateRun(SuiteRunner.java:291)
	at org.testng.SuiteRunner.run(SuiteRunner.java:240)
	at org.testng.SuiteRunnerWorker.runSuite(SuiteRunnerWorker.java:52)
	at org.testng.SuiteRunnerWorker.run(SuiteRunnerWorker.java:86)
	at org.testng.TestNG.runSuitesSequentially(TestNG.java:1224)
	at org.testng.TestNG.runSuitesLocally(TestNG.java:1149)
	at org.testng.TestNG.run(TestNG.java:1057)
	at org.testng.remote.RemoteTestNG.run(RemoteTestNG.java:111)
	at org.testng.remote.RemoteTestNG.initAndRun(RemoteTestNG.java:204)
	at org.testng.remote.RemoteTestNG.main(RemoteTestNG.java:175)
]]>
            </full-stacktrace>
          </exception> <!-- java.lang.AssertionError -->
          <reporter-output>
          </reporter-output>
        </test-method> <!-- testCurrencyRate -->
        <test-method status="PASS" signature="open()[pri:0, instance:com.atmecs.services.test.TestCurrencyWS@6ad5c04e]" name="open" is-config="true" duration-ms="0" started-at="2015-02-16T15:26:12Z" finished-at="2015-02-16T15:26:12Z">
          <reporter-output>
          </reporter-output>
        </test-method> <!-- open -->
        <test-method status="PASS" signature="close()[pri:0, instance:com.atmecs.services.test.TestCurrencyWS@6ad5c04e]" name="close" is-config="true" duration-ms="0" started-at="2015-02-16T15:26:13Z" finished-at="2015-02-16T15:26:13Z">
          <reporter-output>
          </reporter-output>
        </test-method> <!-- close -->
      </class> <!-- com.atmecs.services.test.TestCurrencyWS -->
    </test> <!-- Default test -->
  </suite> <!-- Default suite -->
</testng-results>
